p/000050.jpg 1 0 0 1920 1080
p/1639986932923.jpg 1 0 0 1920 1080
p/000049.jpg 1 0 0 1920 1200
p/1639986932922.jpg 1 0 0 1920 1200
p/000048.jpg 1 0 0 1024 640
p/1639986932921.jpg 1 0 0 1024 640
p/000047.jpg 1 0 0 1600 1200
p/1639986932920.jpg 1 0 0 1600 1200
p/000046.jpg 1 0 0 1024 768
p/1639986932919.jpg 1 0 0 1024 768
p/000045.jpg 1 0 0 768 1008
p/1639986932918.jpg 1 0 0 768 1008
p/000044.jpg 1 0 0 2400 1800
p/1639986932917.jpg 1 0 0 2400 1800
p/000043.jpg 1 0 0 2560 1600
p/1639986932916.jpg 1 0 0 2560 1600
p/000042.jpg 1 0 0 700 491
p/1639986932915.jpg 1 0 0 700 491
p/000041.jpg 1 0 0 1920 1440
p/1639986932914.jpg 1 0 0 1920 1440
p/000040.jpg 1 0 0 1920 1080
p/1639986932913.jpg 1 0 0 1920 1080
p/000039.jpg 1 0 0 4992 3328
p/1639986932912.jpg 1 0 0 4992 3328
p/000038.jpg 1 0 0 1920 1280
p/1639986932911.jpg 1 0 0 1920 1280
p/000037.jpg 1 0 0 1280 720
p/1639986932910.jpg 1 0 0 1280 720
p/000036.jpg 1 0 0 3358 2239
p/1639986932909.jpg 1 0 0 3358 2239
p/000035.jpg 1 0 0 760 430
p/1639986932908.jpg 1 0 0 760 430
p/000034.jpg 1 0 0 1280 720
p/1639986932907.jpg 1 0 0 1280 720
p/000033.jpg 1 0 0 3696 2448
p/1639986932906.jpg 1 0 0 3696 2448
p/000032.jpg 1 0 0 1920 1440
p/1639986932905.jpg 1 0 0 1920 1440
p/000031.jpg 1 0 0 1920 1200
p/1639986932904.jpg 1 0 0 1920 1200
p/000030.jpg 1 0 0 1920 1281
p/1639986932903.jpg 1 0 0 1920 1281
p/000029.jpg 1 0 0 1920 1080
p/1639986932902.jpg 1 0 0 1920 1080
p/000028.jpg 1 0 0 1920 1080
p/1639986932901.jpg 1 0 0 1920 1080
p/000027.jpg 1 0 0 1280 720
p/1639986932900.jpg 1 0 0 1280 720
p/000026.jpg 1 0 0 736 736
p/1639986932899.jpg 1 0 0 736 736
p/000025.jpg 1 0 0 2592 2592
p/1639986932898.jpg 1 0 0 2592 2592
p/000024.jpg 1 0 0 5184 2916
p/1639986932897.jpg 1 0 0 5184 2916
p/000023.jpg 1 0 0 1920 1280
p/1639986932896.jpg 1 0 0 1920 1280
p/000022.jpg 1 0 0 5472 3648
p/1639986932895.jpg 1 0 0 5472 3648
p/000021.jpg 1 0 0 1024 768
p/1639986932894.jpg 1 0 0 1024 768
p/000020.jpg 1 0 0 2560 1600
p/1639986932893.jpg 1 0 0 2560 1600
p/000019.jpg 1 0 0 1280 720
p/1639986932892.jpg 1 0 0 1280 720
p/000018.jpg 1 0 0 4288 2848
p/1639986932891.jpg 1 0 0 4288 2848
p/000017.jpg 1 0 0 4792 3000
p/1639986932890.jpg 1 0 0 4792 3000
p/000016.jpg 1 0 0 3504 2336
p/1639986932889.jpg 1 0 0 3504 2336
p/000015.jpg 1 0 0 1800 1000
p/1639986932888.jpg 1 0 0 1800 1000
p/000014.jpg 1 0 0 1920 1200
p/1639986932887.jpg 1 0 0 1920 1200
p/000013.jpg 1 0 0 2048 1365
p/1639986932886.jpg 1 0 0 2048 1365
p/000012.jpg 1 0 0 1920 1080
p/1639986932885.jpg 1 0 0 1920 1080
p/000011.jpg 1 0 0 700 700
p/1639986932884.jpg 1 0 0 700 700
p/000010.jpg 1 0 0 1920 1276
p/1639986932883.jpg 1 0 0 1920 1276
p/000009.jpg 1 0 0 2160 2016
p/1639986932882.jpg 1 0 0 2160 2016
p/000008.jpg 1 0 0 1920 1200
p/1639986932881.jpg 1 0 0 1920 1200
p/000007.jpg 1 0 0 1024 768
p/1639986932880.jpg 1 0 0 1024 768
p/000006.jpg 1 0 0 1920 1080
p/1639986932879.jpg 1 0 0 1920 1080
p/000005.jpg 1 0 0 5150 3435
p/1639986932878.jpg 1 0 0 5150 3435
p/000004.jpg 1 0 0 768 919
p/1639986932877.jpg 1 0 0 768 919
p/000003.jpg 1 0 0 838 1024
p/1639986932876.jpg 1 0 0 838 1024
p/000002.jpg 1 0 0 3840 5213
p/1639986932875.jpg 1 0 0 3840 5213
p/000001.jpg 1 0 0 1440 2560
p/1639986932874.jpg 1 0 0 1440 2560