p/000074.jpg 1 0 0 800 630
p/000073.jpg 1 0 0 580 535
p/000072.jpg 1 0 0 598 564
p/000071.jpg 1 0 0 1600 877
p/000070.jpg 1 0 0 600 600
p/000069.jpg 1 0 0 1200 1200
p/000068.jpg 1 0 0 1200 1200
p/000067.jpg 1 0 0 1280 768
p/000066.jpg 1 0 0 1200 1200
p/000065.jpg 1 0 0 1160 702
p/000064.jpg 1 0 0 1200 900
p/000063.jpg 1 0 0 1086 652
p/000062.jpg 1 0 0 800 800
p/000061.jpg 1 0 0 960 720
p/000060.jpg 1 0 0 1000 1000
p/000059.jpg 1 0 0 580 580
p/000058.jpg 1 0 0 1200 1200
p/000057.jpg 1 0 0 1000 1000
p/000056.jpg 1 0 0 1200 789
p/000055.jpg 1 0 0 1200 675
p/000054.jpg 1 0 0 1140 975
p/000053.jpg 1 0 0 960 540
p/000052.jpg 1 0 0 1200 484
p/000051.jpg 1 0 0 862 722
p/000050.jpg 1 0 0 1200 675
p/000049.jpg 1 0 0 1000 1000
p/000048.jpg 1 0 0 1200 1200
p/000047.jpg 1 0 0 1200 569
p/000046.jpg 1 0 0 1200 900
p/000045.jpg 1 0 0 1200 507
p/000044.jpg 1 0 0 580 580
p/000043.jpg 1 0 0 1209 639
p/000042.jpg 1 0 0 736 552
p/000041.jpg 1 0 0 1200 1200
p/000040.jpg 1 0 0 1200 519
p/000039.jpg 1 0 0 1200 1200
p/000038.jpg 1 0 0 707 236
p/000037.jpg 1 0 0 1160 695
p/000036.jpg 1 0 0 1200 675
p/000035.jpg 1 0 0 1080 740
p/000034.jpg 1 0 0 1918 1080
p/000033.jpg 1 0 0 813 500
p/000032.jpg 1 0 0 1280 720
p/000031.jpg 1 0 0 696 466
p/000030.jpg 1 0 0 1000 1000
p/000029.jpg 1 0 0 936 430
p/000028.jpg 1 0 0 1055 553
p/000027.jpg 1 0 0 1200 675
p/000026.jpg 1 0 0 800 630
p/000025.jpg 1 0 0 720 576
p/1639989053164.jpg 1 0 0 720 576
p/000024.jpg 1 0 0 1200 675
p/1639989053163.jpg 1 0 0 1200 675
p/000023.jpg 1 0 0 1200 1200
p/1639989053162.jpg 1 0 0 1200 1200
p/000022.jpg 1 0 0 800 678
p/1639989053161.jpg 1 0 0 800 678
p/000021.jpg 1 0 0 1200 1200
p/1639989053160.jpg 1 0 0 1200 1200
p/000020.jpg 1 0 0 720 620
p/1639989053159.jpg 1 0 0 720 620
p/000019.jpg 1 0 0 1200 1200
p/1639989053158.jpg 1 0 0 1200 1200
p/000018.jpg 1 0 0 1024 551
p/1639989053157.jpg 1 0 0 1024 551
p/000017.jpg 1 0 0 500 281
p/1639989053156.jpg 1 0 0 500 281
p/000016.jpg 1 0 0 1200 1200
p/1639989053155.jpg 1 0 0 1200 1200
p/000015.jpg 1 0 0 1600 1200
p/1639989053154.jpg 1 0 0 1600 1200
p/000014.jpg 1 0 0 719 453
p/1639989053153.jpg 1 0 0 719 453
p/000013.jpg 1 0 0 1403 749
p/1639989053152.jpg 1 0 0 1403 749
p/000012.jpg 1 0 0 1200 1200
p/1639989053151.jpg 1 0 0 1200 1200
p/000011.jpg 1 0 0 600 600
p/1639989053150.jpg 1 0 0 600 600
p/000010.jpg 1 0 0 960 960
p/1639989053149.jpg 1 0 0 960 960
p/000009.jpg 1 0 0 696 402
p/1639989053148.jpg 1 0 0 696 402
p/000008.jpg 1 0 0 800 678
p/1639989053147.jpg 1 0 0 800 678
p/000007.jpg 1 0 0 1200 675
p/1639989053146.jpg 1 0 0 1200 675
p/000006.jpg 1 0 0 1200 1200
p/1639989053145.jpg 1 0 0 1200 1200
p/000005.jpg 1 0 0 1200 675
p/1639989053144.jpg 1 0 0 1200 675
p/000004.jpg 1 0 0 960 720
p/1639989053143.jpg 1 0 0 960 720
p/000003.jpg 1 0 0 1200 1200
p/1639989053142.jpg 1 0 0 1200 1200
p/000002.jpg 1 0 0 1920 1080
p/1639989053141.jpg 1 0 0 1920 1080
p/000001.jpg 1 0 0 800 678
p/1639989053140.jpg 1 0 0 800 678